This is pdfTeX, Version 3.14159265-2.6-1.40.18 (TeX Live 2017) (preloaded format=pdflatex 2018.4.13)  22 MAY 2018 23:32
entering extended mode
 restricted \write18 enabled.
 file:line:error style messages enabled.
 %&-line parsing enabled.
**"Mars Terraforming.tex"
(./Mars Terraforming.tex
LaTeX2e <2017-04-15>
Babel <3.10> and hyphenation patterns for 84 language(s) loaded.
(/usr/local/texlive/2017/texmf-dist/tex/latex/IEEEtran/IEEEtran.cls
Document Class: IEEEtran 2015/08/26 V1.8b by Michael Shell
-- See the "IEEEtran_HOWTO" manual for usage information.
-- http://www.michaelshell.org/tex/ieeetran/
\@IEEEtrantmpdimenA=\dimen102
\@IEEEtrantmpdimenB=\dimen103
\@IEEEtrantmpdimenC=\dimen104
\@IEEEtrantmpcountA=\count79
\@IEEEtrantmpcountB=\count80
\@IEEEtrantmpcountC=\count81
\@IEEEtrantmptoksA=\toks14
LaTeX Font Info:    Try loading font information for OT1+ptm on input line 503.

(/usr/local/texlive/2017/texmf-dist/tex/latex/psnfss/ot1ptm.fd
File: ot1ptm.fd 2001/06/04 font definitions for OT1/ptm.
)
-- Using 8.5in x 11in (letter) paper.
-- Using PDF output.
\@IEEEnormalsizeunitybaselineskip=\dimen105
-- This is a 10 point document.
\CLASSINFOnormalsizebaselineskip=\dimen106
\CLASSINFOnormalsizeunitybaselineskip=\dimen107
\IEEEnormaljot=\dimen108
LaTeX Font Info:    Font shape `OT1/ptm/bx/n' in size <5> not available
(Font)              Font shape `OT1/ptm/b/n' tried instead on input line 1090.
LaTeX Font Info:    Font shape `OT1/ptm/bx/it' in size <5> not available
(Font)              Font shape `OT1/ptm/b/it' tried instead on input line 1090.

LaTeX Font Info:    Font shape `OT1/ptm/bx/n' in size <7> not available
(Font)              Font shape `OT1/ptm/b/n' tried instead on input line 1090.
LaTeX Font Info:    Font shape `OT1/ptm/bx/it' in size <7> not available
(Font)              Font shape `OT1/ptm/b/it' tried instead on input line 1090.

LaTeX Font Info:    Font shape `OT1/ptm/bx/n' in size <8> not available
(Font)              Font shape `OT1/ptm/b/n' tried instead on input line 1090.
LaTeX Font Info:    Font shape `OT1/ptm/bx/it' in size <8> not available
(Font)              Font shape `OT1/ptm/b/it' tried instead on input line 1090.

LaTeX Font Info:    Font shape `OT1/ptm/bx/n' in size <9> not available
(Font)              Font shape `OT1/ptm/b/n' tried instead on input line 1090.
LaTeX Font Info:    Font shape `OT1/ptm/bx/it' in size <9> not available
(Font)              Font shape `OT1/ptm/b/it' tried instead on input line 1090.

LaTeX Font Info:    Font shape `OT1/ptm/bx/n' in size <10> not available
(Font)              Font shape `OT1/ptm/b/n' tried instead on input line 1090.
LaTeX Font Info:    Font shape `OT1/ptm/bx/it' in size <10> not available
(Font)              Font shape `OT1/ptm/b/it' tried instead on input line 1090.

LaTeX Font Info:    Font shape `OT1/ptm/bx/n' in size <11> not available
(Font)              Font shape `OT1/ptm/b/n' tried instead on input line 1090.
LaTeX Font Info:    Font shape `OT1/ptm/bx/it' in size <11> not available
(Font)              Font shape `OT1/ptm/b/it' tried instead on input line 1090.

LaTeX Font Info:    Font shape `OT1/ptm/bx/n' in size <12> not available
(Font)              Font shape `OT1/ptm/b/n' tried instead on input line 1090.
LaTeX Font Info:    Font shape `OT1/ptm/bx/it' in size <12> not available
(Font)              Font shape `OT1/ptm/b/it' tried instead on input line 1090.

LaTeX Font Info:    Font shape `OT1/ptm/bx/n' in size <17> not available
(Font)              Font shape `OT1/ptm/b/n' tried instead on input line 1090.
LaTeX Font Info:    Font shape `OT1/ptm/bx/it' in size <17> not available
(Font)              Font shape `OT1/ptm/b/it' tried instead on input line 1090.

LaTeX Font Info:    Font shape `OT1/ptm/bx/n' in size <20> not available
(Font)              Font shape `OT1/ptm/b/n' tried instead on input line 1090.
LaTeX Font Info:    Font shape `OT1/ptm/bx/it' in size <20> not available
(Font)              Font shape `OT1/ptm/b/it' tried instead on input line 1090.

LaTeX Font Info:    Font shape `OT1/ptm/bx/n' in size <24> not available
(Font)              Font shape `OT1/ptm/b/n' tried instead on input line 1090.
LaTeX Font Info:    Font shape `OT1/ptm/bx/it' in size <24> not available
(Font)              Font shape `OT1/ptm/b/it' tried instead on input line 1090.

\IEEEquantizedlength=\dimen109
\IEEEquantizedlengthdiff=\dimen110
\IEEEquantizedtextheightdiff=\dimen111
\IEEEilabelindentA=\dimen112
\IEEEilabelindentB=\dimen113
\IEEEilabelindent=\dimen114
\IEEEelabelindent=\dimen115
\IEEEdlabelindent=\dimen116
\IEEElabelindent=\dimen117
\IEEEiednormlabelsep=\dimen118
\IEEEiedmathlabelsep=\dimen119
\IEEEiedtopsep=\skip41
\c@section=\count82
\c@subsection=\count83
\c@subsubsection=\count84
\c@paragraph=\count85
\c@IEEEsubequation=\count86
\abovecaptionskip=\skip42
\belowcaptionskip=\skip43
\c@figure=\count87
\c@table=\count88
\@IEEEeqnnumcols=\count89
\@IEEEeqncolcnt=\count90
\@IEEEsubeqnnumrollback=\count91
\@IEEEquantizeheightA=\dimen120
\@IEEEquantizeheightB=\dimen121
\@IEEEquantizeheightC=\dimen122
\@IEEEquantizeprevdepth=\dimen123
\@IEEEquantizemultiple=\count92
\@IEEEquantizeboxA=\box26
\@IEEEtmpitemindent=\dimen124
\IEEEPARstartletwidth=\dimen125
\c@IEEEbiography=\count93
\@IEEEtranrubishbin=\box27
) (/usr/local/texlive/2017/texmf-dist/tex/latex/graphics/graphicx.sty
Package: graphicx 2014/10/28 v1.0g Enhanced LaTeX Graphics (DPC,SPQR)

(/usr/local/texlive/2017/texmf-dist/tex/latex/graphics/keyval.sty
Package: keyval 2014/10/28 v1.15 key=value parser (DPC)
\KV@toks@=\toks15
)
(/usr/local/texlive/2017/texmf-dist/tex/latex/graphics/graphics.sty
Package: graphics 2017/04/14 v1.1b Standard LaTeX Graphics (DPC,SPQR)

(/usr/local/texlive/2017/texmf-dist/tex/latex/graphics/trig.sty
Package: trig 2016/01/03 v1.10 sin cos tan (DPC)
)
(/usr/local/texlive/2017/texmf-dist/tex/latex/graphics-cfg/graphics.cfg
File: graphics.cfg 2016/06/04 v1.11 sample graphics configuration
)
Package graphics Info: Driver file: dvips.def on input line 99.

(/usr/local/texlive/2017/texmf-dist/tex/latex/graphics-def/dvips.def
File: dvips.def 2016/07/10 v3.1a Driver-dependent file (DPC,SPQR)
))
\Gin@req@height=\dimen126
\Gin@req@width=\dimen127
)
(/usr/local/texlive/2017/texmf-dist/tex/latex/sttools/stfloats.sty
Package: stfloats 2017/03/27 v3.3 Improve float mechanism and baselineskip sett
ings
\@dblbotnum=\count94
\c@dblbotnumber=\count95
)
(/usr/local/texlive/2017/texmf-dist/tex/latex/apacite/apacite.sty
Package: apacite 2013/07/21 v6.03 APA citation
\c@BibCnt=\count96
\bibleftmargin=\skip44
\bibindent=\skip45
\bibparsep=\skip46
\bibitemsep=\skip47
\biblabelsep=\skip48
)
(/usr/local/texlive/2017/texmf-dist/tex/latex/graphics/color.sty
Package: color 2016/07/10 v1.1e Standard LaTeX Color (DPC)

(/usr/local/texlive/2017/texmf-dist/tex/latex/graphics-cfg/color.cfg
File: color.cfg 2016/01/02 v1.6 sample color configuration
)
Package color Info: Driver file: pdftex.def on input line 147.

(/usr/local/texlive/2017/texmf-dist/tex/latex/graphics-def/pdftex.def
File: pdftex.def 2017/01/12 v0.06k Graphics/color for pdfTeX

(/usr/local/texlive/2017/texmf-dist/tex/generic/oberdiek/infwarerr.sty
Package: infwarerr 2016/05/16 v1.4 Providing info/warning/error messages (HO)
)
(/usr/local/texlive/2017/texmf-dist/tex/generic/oberdiek/ltxcmds.sty
Package: ltxcmds 2016/05/16 v1.23 LaTeX kernel commands for general use (HO)
)
\Gread@gobject=\count97
))
(/usr/local/texlive/2017/texmf-dist/tex/latex/soul/soul.sty
Package: soul 2003/11/17 v2.4 letterspacing/underlining (mf)
\SOUL@word=\toks16
\SOUL@lasttoken=\toks17
\SOUL@cmds=\toks18
\SOUL@buffer=\toks19
\SOUL@token=\toks20
\SOUL@spaceskip=\skip49
\SOUL@ttwidth=\dimen128
\SOUL@uldp=\dimen129
\SOUL@ulht=\dimen130
)
(/usr/local/texlive/2017/texmf-dist/tex/latex/amsmath/amsmath.sty
Package: amsmath 2016/11/05 v2.16a AMS math features
\@mathmargin=\skip50

For additional information on amsmath, use the `?' option.
(/usr/local/texlive/2017/texmf-dist/tex/latex/amsmath/amstext.sty
Package: amstext 2000/06/29 v2.01 AMS text

(/usr/local/texlive/2017/texmf-dist/tex/latex/amsmath/amsgen.sty
File: amsgen.sty 1999/11/30 v2.0 generic functions
\@emptytoks=\toks21
\ex@=\dimen131
))
(/usr/local/texlive/2017/texmf-dist/tex/latex/amsmath/amsbsy.sty
Package: amsbsy 1999/11/29 v1.2d Bold Symbols
\pmbraise@=\dimen132
)
(/usr/local/texlive/2017/texmf-dist/tex/latex/amsmath/amsopn.sty
Package: amsopn 2016/03/08 v2.02 operator names
)
\inf@bad=\count98
LaTeX Info: Redefining \frac on input line 213.
\uproot@=\count99
\leftroot@=\count100
LaTeX Info: Redefining \overline on input line 375.
\classnum@=\count101
\DOTSCASE@=\count102
LaTeX Info: Redefining \ldots on input line 472.
LaTeX Info: Redefining \dots on input line 475.
LaTeX Info: Redefining \cdots on input line 596.
\Mathstrutbox@=\box28
\strutbox@=\box29
\big@size=\dimen133
LaTeX Font Info:    Redeclaring font encoding OML on input line 712.
LaTeX Font Info:    Redeclaring font encoding OMS on input line 713.
\macc@depth=\count103
\c@MaxMatrixCols=\count104
\dotsspace@=\muskip10
\c@parentequation=\count105
\dspbrk@lvl=\count106
\tag@help=\toks22
\row@=\count107
\column@=\count108
\maxfields@=\count109
\andhelp@=\toks23
\eqnshift@=\dimen134
\alignsep@=\dimen135
\tagshift@=\dimen136
\tagwidth@=\dimen137
\totwidth@=\dimen138
\lineht@=\dimen139
\@envbody=\toks24
\multlinegap=\skip51
\multlinetaggap=\skip52
\mathdisplay@stack=\toks25
LaTeX Info: Redefining \[ on input line 2817.
LaTeX Info: Redefining \] on input line 2818.
)
(/usr/local/texlive/2017/texmf-dist/tex/latex/amsfonts/amssymb.sty
Package: amssymb 2013/01/14 v3.01 AMS font symbols

(/usr/local/texlive/2017/texmf-dist/tex/latex/amsfonts/amsfonts.sty
Package: amsfonts 2013/01/14 v3.01 Basic AMSFonts support
\symAMSa=\mathgroup4
\symAMSb=\mathgroup5
LaTeX Font Info:    Overwriting math alphabet `\mathfrak' in version `bold'
(Font)                  U/euf/m/n --> U/euf/b/n on input line 106.
))
(/usr/local/texlive/2017/texmf-dist/tex/latex/jknapltx/mathrsfs.sty
Package: mathrsfs 1996/01/01 Math RSFS package v1.0 (jk)
\symrsfs=\mathgroup6
)
(/usr/local/texlive/2017/texmf-dist/tex/latex/breqn/breqn.sty
(/usr/local/texlive/2017/texmf-dist/tex/latex/l3kernel/expl3.sty
Package: expl3 2017/05/13 L3 programming layer (loader) 

(/usr/local/texlive/2017/texmf-dist/tex/latex/l3kernel/expl3-code.tex
Package: expl3 2017/05/13 L3 programming layer (code)
\c_max_int=\count110
\l_tmpa_int=\count111
\l_tmpb_int=\count112
\g_tmpa_int=\count113
\g_tmpb_int=\count114
\g__prg_map_int=\count115
\c_log_iow=\count116
\l_iow_line_count_int=\count117
\l__iow_line_target_int=\count118
\l__iow_one_indent_int=\count119
\l__iow_indent_int=\count120
\c_zero_dim=\dimen140
\c_max_dim=\dimen141
\l_tmpa_dim=\dimen142
\l_tmpb_dim=\dimen143
\g_tmpa_dim=\dimen144
\g_tmpb_dim=\dimen145
\c_zero_skip=\skip53
\c_max_skip=\skip54
\l_tmpa_skip=\skip55
\l_tmpb_skip=\skip56
\g_tmpa_skip=\skip57
\g_tmpb_skip=\skip58
\c_zero_muskip=\muskip11
\c_max_muskip=\muskip12
\l_tmpa_muskip=\muskip13
\l_tmpb_muskip=\muskip14
\g_tmpa_muskip=\muskip15
\g_tmpb_muskip=\muskip16
\l_keys_choice_int=\count121
\c__fp_leading_shift_int=\count122
\c__fp_middle_shift_int=\count123
\c__fp_trailing_shift_int=\count124
\c__fp_big_leading_shift_int=\count125
\c__fp_big_middle_shift_int=\count126
\c__fp_big_trailing_shift_int=\count127
\c__fp_Bigg_leading_shift_int=\count128
\c__fp_Bigg_middle_shift_int=\count129
\c__fp_Bigg_trailing_shift_int=\count130
\c__fp_rand_size_int=\count131
\c__fp_rand_four_int=\count132
\c__fp_rand_eight_int=\count133
\l__sort_length_int=\count134
\l__sort_min_int=\count135
\l__sort_top_int=\count136
\l__sort_max_int=\count137
\l__sort_true_max_int=\count138
\l__sort_block_int=\count139
\l__sort_begin_int=\count140
\l__sort_end_int=\count141
\l__sort_A_int=\count142
\l__sort_B_int=\count143
\l__sort_C_int=\count144
\c_empty_box=\box30
\l_tmpa_box=\box31
\l_tmpb_box=\box32
\g_tmpa_box=\box33
\g_tmpb_box=\box34
\l__box_top_dim=\dimen146
\l__box_bottom_dim=\dimen147
\l__box_left_dim=\dimen148
\l__box_right_dim=\dimen149
\l__box_top_new_dim=\dimen150
\l__box_bottom_new_dim=\dimen151
\l__box_left_new_dim=\dimen152
\l__box_right_new_dim=\dimen153
\l__box_internal_box=\box35
\l__coffin_internal_box=\box36
\l__coffin_internal_dim=\dimen154
\l__coffin_offset_x_dim=\dimen155
\l__coffin_offset_y_dim=\dimen156
\l__coffin_x_dim=\dimen157
\l__coffin_y_dim=\dimen158
\l__coffin_x_prime_dim=\dimen159
\l__coffin_y_prime_dim=\dimen160
\c_empty_coffin=\box37
\l__coffin_aligned_coffin=\box38
\l__coffin_aligned_internal_coffin=\box39
\l_tmpa_coffin=\box40
\l_tmpb_coffin=\box41
\l__coffin_display_coffin=\box42
\l__coffin_display_coord_coffin=\box43
\l__coffin_display_pole_coffin=\box44
\l__coffin_display_offset_dim=\dimen161
\l__coffin_display_x_dim=\dimen162
\l__coffin_display_y_dim=\dimen163
\l__coffin_bounding_shift_dim=\dimen164
\l__coffin_left_corner_dim=\dimen165
\l__coffin_right_corner_dim=\dimen166
\l__coffin_bottom_corner_dim=\dimen167
\l__coffin_top_corner_dim=\dimen168
\l__coffin_scaled_total_height_dim=\dimen169
\l__coffin_scaled_width_dim=\dimen170
)
(/usr/local/texlive/2017/texmf-dist/tex/latex/l3kernel/l3pdfmode.def
File: l3pdfmode.def 2017/03/18 v L3 Experimental driver: PDF mode
\l__driver_color_stack_int=\count145
\l__driver_tmp_box=\box45
))
Package: breqn 2017/01/27 v0.98e Breaking equations

(/usr/local/texlive/2017/texmf-dist/tex/latex/breqn/flexisym.sty
Package: flexisym 2017/01/27 v0.98e Make math characters macros
LaTeX Info: Redefining \textprime on input line 300.
LaTeX Info: Redefining \not on input line 358.

(/usr/local/texlive/2017/texmf-dist/tex/latex/breqn/cmbase.sym
File: cmbase.sym 2007/12/19 v0.92
LaTeX Info: Redefining \hbar on input line 325.
LaTeX Info: Redefining \surd on input line 327.
LaTeX Info: Redefining \angle on input line 335.
LaTeX Info: Redefining \neq on input line 336.
LaTeX Info: Redefining \mapsto on input line 337.
LaTeX Info: Redefining \cong on input line 338.
LaTeX Info: Redefining \notin on input line 341.
LaTeX Info: Redefining \rightleftharpoons on input line 342.
LaTeX Info: Redefining \doteq on input line 343.
LaTeX Info: Redefining \hookrightarrow on input line 344.
LaTeX Info: Redefining \hookleftarrow on input line 345.
LaTeX Info: Redefining \bowtie on input line 346.
LaTeX Info: Redefining \models on input line 347.
LaTeX Info: Redefining \Longrightarrow on input line 348.
LaTeX Info: Redefining \longrightarrow on input line 349.
LaTeX Info: Redefining \Longleftarrow on input line 350.
LaTeX Info: Redefining \longleftarrow on input line 351.
LaTeX Info: Redefining \longmapsto on input line 352.
LaTeX Info: Redefining \longleftrightarrow on input line 353.
LaTeX Info: Redefining \Longleftrightarrow on input line 354.
LaTeX Info: Redefining \cdots on input line 358.
LaTeX Info: Redefining \vdots on input line 361.
LaTeX Info: Redefining \ddots on input line 366.
)
(/usr/local/texlive/2017/texmf-dist/tex/latex/breqn/mathstyle.sty
Package: mathstyle 2017/01/27 0.98e Tracking mathstyle implicitly
LaTeX Info: Redefining \displaystyle on input line 93.
LaTeX Info: Redefining \textstyle on input line 95.
LaTeX Info: Redefining \scriptstyle on input line 97.
LaTeX Info: Redefining \scriptscriptstyle on input line 99.
LaTeX Info: Redefining \genfrac on input line 145.
))
(/usr/local/texlive/2017/texmf-dist/tex/latex/tools/calc.sty
Package: calc 2014/10/28 v4.3 Infix arithmetic (KKT,FJ)
\calc@Acount=\count146
\calc@Bcount=\count147
\calc@Adimen=\dimen171
\calc@Bdimen=\dimen172
\calc@Askip=\skip59
\calc@Bskip=\skip60
LaTeX Info: Redefining \setlength on input line 80.
LaTeX Info: Redefining \addtolength on input line 81.
\calc@Ccount=\count148
\calc@Cskip=\skip61
)
\inf@bad=\count149
\maxint=\count150
\listwidth=\dimen173
\eqnumsep=\dimen174
\eqmargin=\dimen175
\eqlinespacing=\skip62
\eqlineskip=\skip63
\eqlineskiplimit=\dimen176
\eqbinoffset=\muskip17
\eqdelimoffset=\muskip18
\eqindentstep=\dimen177
\eqstyle=\toks26
\eqbreakdepth=\count151
\eqinterlinepenalty=\count152
\intereqpenalty=\count153
\intereqskip=\skip64
\prerelpenalty=\count154
\prebinoppenalty=\count155
\Dmedmuskip=\muskip19
\Dthickmuskip=\muskip20
\eqleftskip=\skip65
\eqrightskip=\skip66
\eq@vspan=\skip67
\eq@binoffset=\muskip21
\EQ@box=\box46
\EQ@copy=\box47
\EQ@numbox=\box48
\eq@wdNum=\dimen178
\GRP@numbox=\box49
\grp@wdNum=\dimen179
\eq@lines=\count156
\eq@curline=\count157
\eq@badness=\count158
\EQ@vims=\count159
\eq@dp=\dimen180
\eq@wdL=\dimen181
\eq@wdT=\dimen182
\eq@wdMin=\dimen183
\grp@wdL=\dimen184
\grp@wdR=\dimen185
\grp@wdT=\dimen186
\eq@wdRmax=\dimen187
\eq@firstht=\dimen188
\eq@wdCond=\dimen189
\eq@indentstep=\dimen190
\eq@linewidth=\dimen191
\grp@linewidth=\dimen192
\eq@hshift=\dimen193
\eq@given@sidespace=\dimen194
\mathindent=\dimen195
\eq@final@linecount=\count160
\eq@wdR=\dimen196
\EQ@continue=\toks27
\lr@level=\count161
\GRP@queue=\toks28
\GRP@box=\box50
\GRP@wholebox=\box51
\darraycolsep=\skip68
\cur@row=\count162
\cur@col=\count163
\conditionsep=\skip69
)
(/usr/local/texlive/2017/texmf-dist/tex/latex/multirow/multirow.sty
Package: multirow 2016/11/25 v2.2 Span multiple rows of a table
\multirow@colwidth=\skip70
\multirow@cntb=\count164
\multirow@dima=\skip71
\bigstrutjot=\dimen197
)
(/usr/local/texlive/2017/texmf-dist/tex/latex/tools/tabularx.sty
Package: tabularx 2016/02/03 v2.11 `tabularx' package (DPC)

(/usr/local/texlive/2017/texmf-dist/tex/latex/tools/array.sty
Package: array 2016/10/06 v2.4d Tabular extension package (FMi)
\col@sep=\dimen198
\extrarowheight=\dimen199
\NC@list=\toks29
\extratabsurround=\skip72
\backup@length=\skip73
)
\TX@col@width=\dimen256
\TX@old@table=\dimen257
\TX@old@col=\dimen258
\TX@target=\dimen259
\TX@delta=\dimen260
\TX@cols=\count165
\TX@ftn=\toks30
)
(/usr/local/texlive/2017/texmf-dist/tex/latex/tools/hhline.sty
Package: hhline 2014/10/28 v2.03 Table rule package (DPC)
)
(/usr/local/texlive/2017/texmf-dist/tex/latex/mdwtools/mdwmath.sty
Package: mdwmath 1996/04/11 1.1 Nice mathematical things
\sq@sqrt=\count166
LaTeX Info: Redefining \sqrt on input line 84.
)
(/usr/local/texlive/2017/texmf-dist/tex/latex/mdwtools/mdwtab.sty
Package: mdwtab 1998/04/28 1.9 Table typesetting with style
\tab@state=\count167
\tab@columns=\count168
\tab@preamble=\toks31
\tab@shortline=\toks32
\extrarowheight=\dimen261
\tabextrasep=\dimen262
\arrayextrasep=\dimen263
\smarraycolsep=\dimen264
\smarrayextrasep=\dimen265
\tab@width=\dimen266
\col@sep=\dimen267
\tab@endheight=\dimen268
\tab@leftskip=\skip74
\tab@rightskip=\skip75
\fn@notes=\box52
\fn@width=\dimen269
)
(/usr/local/texlive/2017/texmf-dist/tex/latex/pbox/pbox.sty
Package: pbox 2011/12/07 v1.2 Dynamic parboxes

(/usr/local/texlive/2017/texmf-dist/tex/latex/base/ifthen.sty
Package: ifthen 2014/09/29 v1.1c Standard LaTeX ifthen package (DPC)
)
\pb@xlen=\skip76
)
(/usr/local/texlive/2017/texmf-dist/tex/latex/lipsum/lipsum.sty
Package: lipsum 2014/07/27 v1.3 150 paragraphs of Lorem Ipsum dummy text
\c@lips@count=\count169
)
(/usr/local/texlive/2017/texmf-dist/tex/latex/booktabs/booktabs.sty
Package: booktabs 2016/04/27 v1.618033 publication quality tables
\heavyrulewidth=\dimen270
\lightrulewidth=\dimen271
\cmidrulewidth=\dimen272
\belowrulesep=\dimen273
\belowbottomsep=\dimen274
\aboverulesep=\dimen275
\abovetopsep=\dimen276
\cmidrulesep=\dimen277
\cmidrulekern=\dimen278
\defaultaddspace=\dimen279
\@cmidla=\count170
\@cmidlb=\count171
\@aboverulesep=\dimen280
\@belowrulesep=\dimen281
\@thisruleclass=\count172
\@lastruleclass=\count173
\@thisrulewidth=\dimen282
)
(/usr/local/texlive/2017/texmf-dist/tex/latex/caption/caption.sty
Package: caption 2016/02/21 v3.3-144 Customizing captions (AR)

(/usr/local/texlive/2017/texmf-dist/tex/latex/caption/caption3.sty
Package: caption3 2016/05/22 v1.7-166 caption3 kernel (AR)
Package caption3 Info: TeX engine: e-TeX on input line 67.
\captionmargin=\dimen283
\captionmargin@=\dimen284
\captionwidth=\dimen285
\caption@tempdima=\dimen286
\caption@indent=\dimen287
\caption@parindent=\dimen288
\caption@hangindent=\dimen289
Package caption Info: Unknown document class (or package),
(caption)             standard defaults will be used.
)

Package caption Warning: Unsupported document class (or package) detected,
(caption)                usage of the caption package is not recommended.
See the caption package documentation for explanation.

Package caption Info: \@makecaption = \long macro:#1#2->\ifx \@captype \@IEEEta
blestring \footnotesize \bgroup \par \centering \@IEEEtabletopskipstrut {\norma
lfont \footnotesize #1}\\{\normalfont \footnotesize \scshape #2}\par \addvspace
 {0.5\baselineskip }\egroup \@IEEEtablecaptionsepspace \else \@IEEEfigurecaptio
nsepspace \setbox \@tempboxa \hbox {\normalfont \footnotesize {#1.}\nobreakspac
e \nobreakspace #2}\ifdim \wd \@tempboxa >\hsize \setbox \@tempboxa \hbox {\nor
malfont \footnotesize {#1.}\nobreakspace \nobreakspace }\parbox [t]{\hsize }{\n
ormalfont \footnotesize \noindent \unhbox \@tempboxa #2}\else \ifCLASSOPTIONcon
ference \hbox to\hsize {\normalfont \footnotesize \hfil \box \@tempboxa \hfil }
\else \hbox to\hsize {\normalfont \footnotesize \box \@tempboxa \hfil }\fi \fi 
\fi .
\c@ContinuedFloat=\count174
) (/usr/local/texlive/2017/texmf-dist/tex/latex/base/fixltx2e.sty
Package: fixltx2e 2016/12/29 v2.1a fixes to LaTeX (obsolete)
Applying: [2015/01/01] Old fixltx2e package on input line 46.


Package fixltx2e Warning: fixltx2e is not required with releases after 2015
(fixltx2e)                All fixes are now in the LaTeX kernel.
(fixltx2e)                See the latexrelease package for details.

Already applied: [0000/00/00] Old fixltx2e package on input line 53.
)
(/usr/local/texlive/2017/texmf-dist/tex/latex/threeparttable/threeparttable.sty
Package: threeparttable 2003/06/13  v 3.0
\@tempboxb=\box53
) (/usr/local/texlive/2017/texmf-dist/tex/latex/was/gensymb.sty
Package: gensymb 2003/07/02 v1.0 (WaS)
)
(./Mars Terraforming.aux)
\openout1 = `"Mars Terraforming.aux"'.

LaTeX Font Info:    Checking defaults for OML/cmm/m/it on input line 40.
LaTeX Font Info:    ... okay on input line 40.
LaTeX Font Info:    Checking defaults for T1/cmr/m/n on input line 40.
LaTeX Font Info:    ... okay on input line 40.
LaTeX Font Info:    Checking defaults for OT1/cmr/m/n on input line 40.
LaTeX Font Info:    ... okay on input line 40.
LaTeX Font Info:    Checking defaults for OMS/cmsy/m/n on input line 40.
LaTeX Font Info:    ... okay on input line 40.
LaTeX Font Info:    Checking defaults for OMX/cmex/m/n on input line 40.
LaTeX Font Info:    ... okay on input line 40.
LaTeX Font Info:    Checking defaults for U/cmr/m/n on input line 40.
LaTeX Font Info:    ... okay on input line 40.

-- Lines per column: 56 (exact).
\c@maskedRefs=\count175
(/usr/local/texlive/2017/texmf-dist/tex/latex/apacite/english.apc
File: english.apc 2013/07/21 v6.03 apacite language file
LaTeX Info: Redefining \BPBI on input line 129.
LaTeX Info: Redefining \BHBI on input line 130.
)
(/usr/local/texlive/2017/texmf-dist/tex/context/base/mkii/supp-pdf.mkii
[Loading MPS to PDF converter (version 2006.09.02).]
\scratchcounter=\count176
\scratchdimen=\dimen290
\scratchbox=\box54
\nofMPsegments=\count177
\nofMParguments=\count178
\everyMPshowfont=\toks33
\MPscratchCnt=\count179
\MPscratchDim=\dimen291
\MPnumerator=\count180
\makeMPintoPDFobject=\count181
\everyMPtoPDFconversion=\toks34
) (/usr/local/texlive/2017/texmf-dist/tex/generic/oberdiek/pdftexcmds.sty
Package: pdftexcmds 2017/03/19 v0.25 Utility functions of pdfTeX for LuaTeX (HO
)

(/usr/local/texlive/2017/texmf-dist/tex/generic/oberdiek/ifluatex.sty
Package: ifluatex 2016/05/16 v1.4 Provides the ifluatex switch (HO)
Package ifluatex Info: LuaTeX not detected.
)
(/usr/local/texlive/2017/texmf-dist/tex/generic/oberdiek/ifpdf.sty
Package: ifpdf 2017/03/15 v3.2 Provides the ifpdf switch
)
Package pdftexcmds Info: LuaTeX not detected.
Package pdftexcmds Info: \pdf@primitive is available.
Package pdftexcmds Info: \pdf@ifprimitive is available.
Package pdftexcmds Info: \pdfdraftmode found.
)
(/usr/local/texlive/2017/texmf-dist/tex/latex/oberdiek/epstopdf-base.sty
Package: epstopdf-base 2016/05/15 v2.6 Base part for package epstopdf

(/usr/local/texlive/2017/texmf-dist/tex/latex/oberdiek/grfext.sty
Package: grfext 2016/05/16 v1.2 Manage graphics extensions (HO)

(/usr/local/texlive/2017/texmf-dist/tex/generic/oberdiek/kvdefinekeys.sty
Package: kvdefinekeys 2016/05/16 v1.4 Define keys (HO)
))
(/usr/local/texlive/2017/texmf-dist/tex/latex/oberdiek/kvoptions.sty
Package: kvoptions 2016/05/16 v3.12 Key value format for package options (HO)

(/usr/local/texlive/2017/texmf-dist/tex/generic/oberdiek/kvsetkeys.sty
Package: kvsetkeys 2016/05/16 v1.17 Key value parser (HO)

(/usr/local/texlive/2017/texmf-dist/tex/generic/oberdiek/etexcmds.sty
Package: etexcmds 2016/05/16 v1.6 Avoid name clashes with e-TeX commands (HO)
Package etexcmds Info: Could not find \expanded.
(etexcmds)             That can mean that you are not using pdfTeX 1.50 or
(etexcmds)             that some package has redefined \expanded.
(etexcmds)             In the latter case, load this package earlier.
)))
Package epstopdf-base Info: Redefining graphics rule for `.eps' on input line 4
38.
Package grfext Info: Graphics extension search list:
(grfext)             [.png,.pdf,.jpg,.mps,.jpeg,.jbig2,.jb2,.PNG,.PDF,.JPG,.JPE
G,.JBIG2,.JB2,.eps]
(grfext)             \AppendGraphicsExtensions on input line 456.

(/usr/local/texlive/2017/texmf-dist/tex/latex/latexconfig/epstopdf-sys.cfg
File: epstopdf-sys.cfg 2010/07/13 v1.3 Configuration of (r)epstopdf for TeX Liv
e
))
Package caption Info: Begin \AtBeginDocument code.
Package caption Info: threeparttable package is loaded.
Package caption Info: End \AtBeginDocument code.
LaTeX Info: Redefining \celsius on input line 40.
Package gensymb Info: Faking symbols for \degree and \celsius on input line 40.



Package gensymb Warning: Not defining \perthousand.

LaTeX Info: Redefining \ohm on input line 40.
Package gensymb Info: Using \Omega for \ohm on input line 40.

Package gensymb Warning: Not defining \micro.

Missing character: There is no ° in font ptmr7t!
Missing character: There is no ° in font ptmr7t!
<Figures/habitable_planets.png, id=1, 1065.9825pt x 855.94781pt>
File: Figures/habitable_planets.png Graphic file (type png)

<use Figures/habitable_planets.png>
Package pdftex.def Info: Figures/habitable_planets.png used on input line 81.
(pdftex.def)             Requested size: 270.30118pt x 217.04263pt.

Overfull \hbox (18.30118pt too wide) in paragraph at lines 81--82
 [] 
 []

LaTeX Font Info:    Try loading font information for U+msa on input line 87.
(/usr/local/texlive/2017/texmf-dist/tex/latex/amsfonts/umsa.fd
File: umsa.fd 2013/01/14 v3.01 AMS symbols A
)
LaTeX Font Info:    Try loading font information for U+msb on input line 87.

(/usr/local/texlive/2017/texmf-dist/tex/latex/amsfonts/umsb.fd
File: umsb.fd 2013/01/14 v3.01 AMS symbols B
)
LaTeX Font Info:    Try loading font information for U+rsfs on input line 87.

(/usr/local/texlive/2017/texmf-dist/tex/latex/jknapltx/ursfs.fd
File: ursfs.fd 1998/03/24 rsfs font definition file (jk)
)
Underfull \vbox (badness 2799) has occurred while \output is active []

 [1
Non-PDF special ignored!{/usr/local/texlive/2017/texmf-var/fonts/map/pdftex/upd
map/pdftex.map}


 <./Figures/habitable_planets.png>]
Package epstopdf Info: Source file: <Figures/phases.eps>
(epstopdf)                    date: 2018-03-28 14:56:49
(epstopdf)                    size: 6116345 bytes
(epstopdf)             Output file: <Figures/phases-eps-converted-to.pdf>
(epstopdf)                    date: 2018-05-15 20:49:59
(epstopdf)                    size: 37701 bytes
(epstopdf)             Command: <repstopdf --outfile=Figures/phases-eps-convert
ed-to.pdf Figures/phases.eps>
(epstopdf)             \includegraphics on input line 124.
Package epstopdf Info: Output file is already uptodate.

<Figures/phases-eps-converted-to.pdf, id=15, 954.56625pt x 597.23125pt>
File: Figures/phases-eps-converted-to.pdf Graphic file (type pdf)

<use Figures/phases-eps-converted-to.pdf>
Package pdftex.def Info: Figures/phases-eps-converted-to.pdf used on input line
 124.
(pdftex.def)             Requested size: 270.30118pt x 169.11pt.

Overfull \hbox (18.30118pt too wide) in paragraph at lines 124--125
 [] 
 []

[2 <./Figures/phases-eps-converted-to.pdf>]
Package epstopdf Info: Source file: <Figures/velocity_dist.eps>
(epstopdf)                    date: 2018-05-15 13:06:05
(epstopdf)                    size: 4806932 bytes
(epstopdf)             Output file: <Figures/velocity_dist-eps-converted-to.pdf
>
(epstopdf)                    date: 2018-05-15 20:50:01
(epstopdf)                    size: 27552 bytes
(epstopdf)             Command: <repstopdf --outfile=Figures/velocity_dist-eps-
converted-to.pdf Figures/velocity_dist.eps>
(epstopdf)             \includegraphics on input line 172.
Package epstopdf Info: Output file is already uptodate.

<Figures/velocity_dist-eps-converted-to.pdf, id=25, 866.23625pt x 516.93124pt>
File: Figures/velocity_dist-eps-converted-to.pdf Graphic file (type pdf)

<use Figures/velocity_dist-eps-converted-to.pdf>
Package pdftex.def Info: Figures/velocity_dist-eps-converted-to.pdf used on inp
ut line 172.
(pdftex.def)             Requested size: 256.0748pt x 152.8089pt.

Overfull \hbox (4.0748pt too wide) in paragraph at lines 172--173
 [] 
 []

[3 <./Figures/velocity_dist-eps-converted-to.pdf>]
Package epstopdf Info: Source file: <Figures/polar_coordinates.eps>
(epstopdf)                    date: 2018-04-22 17:14:27
(epstopdf)                    size: 2119047 bytes
(epstopdf)             Output file: <Figures/polar_coordinates-eps-converted-to
.pdf>
(epstopdf)                    date: 2018-05-15 20:50:03
(epstopdf)                    size: 25821 bytes
(epstopdf)             Command: <repstopdf --outfile=Figures/polar_coordinates-
eps-converted-to.pdf Figures/polar_coordinates.eps>
(epstopdf)             \includegraphics on input line 228.
Package epstopdf Info: Output file is already uptodate.

<Figures/polar_coordinates-eps-converted-to.pdf, id=33, 458.71375pt x 429.605pt
>
File: Figures/polar_coordinates-eps-converted-to.pdf Graphic file (type pdf)
 <use Figures/polar_coordinates-eps-converted-to.pdf>
Package pdftex.def Info: Figures/polar_coordinates-eps-converted-to.pdf used on
 input line 228.
(pdftex.def)             Requested size: 199.16928pt x 186.52924pt.

<Figures/planets.png, id=34, 1025.33063pt x 928.97063pt>
File: Figures/planets.png Graphic file (type png)

<use Figures/planets.png>
Package pdftex.def Info: Figures/planets.png used on input line 283.
(pdftex.def)             Requested size: 270.30118pt x 244.9003pt.

Overfull \hbox (18.30118pt too wide) in paragraph at lines 283--284
 [] 
 []

[4 <./Figures/polar_coordinates-eps-converted-to.pdf> <./Figures/planets.png>]
[5]
Package epstopdf Info: Source file: <Figures/temperature.eps>
(epstopdf)                    date: 2018-04-23 15:03:56
(epstopdf)                    size: 6713105 bytes
(epstopdf)             Output file: <Figures/temperature-eps-converted-to.pdf>
(epstopdf)                    date: 2018-05-15 20:50:09
(epstopdf)                    size: 56850 bytes
(epstopdf)             Command: <repstopdf --outfile=Figures/temperature-eps-co
nverted-to.pdf Figures/temperature.eps>
(epstopdf)             \includegraphics on input line 461.
Package epstopdf Info: Output file is already uptodate.

<Figures/temperature-eps-converted-to.pdf, id=48, 1074.0125pt x 583.17876pt>
File: Figures/temperature-eps-converted-to.pdf Graphic file (type pdf)

<use Figures/temperature-eps-converted-to.pdf>
Package pdftex.def Info: Figures/temperature-eps-converted-to.pdf used on input
 line 461.
(pdftex.def)             Requested size: 241.84842pt x 131.31633pt.
Package epstopdf Info: Source file: <Figures/mars_distance.eps>
(epstopdf)                    date: 2018-03-28 14:57:28
(epstopdf)                    size: 5310466 bytes
(epstopdf)             Output file: <Figures/mars_distance-eps-converted-to.pdf
>
(epstopdf)                    date: 2018-05-15 20:50:11
(epstopdf)                    size: 108918 bytes
(epstopdf)             Command: <repstopdf --outfile=Figures/mars_distance-eps-
converted-to.pdf Figures/mars_distance.eps>
(epstopdf)             \includegraphics on input line 469.
Package epstopdf Info: Output file is already uptodate.

<Figures/mars_distance-eps-converted-to.pdf, id=49, 718.685pt x 688.5725pt>
File: Figures/mars_distance-eps-converted-to.pdf Graphic file (type pdf)

<use Figures/mars_distance-eps-converted-to.pdf>
Package pdftex.def Info: Figures/mars_distance-eps-converted-to.pdf used on inp
ut line 469.
(pdftex.def)             Requested size: 241.84842pt x 231.716pt.
 [6]

LaTeX Warning: Reference `sec:why' on page 7 undefined on input line 520.

Missing character: There is no á in font ptmr7t!
[7 <./Figures/temperature-eps-converted-to.pdf> <./Figures/mars_distance-eps-co
nverted-to.pdf>]
Package epstopdf Info: Source file: <Figures/magnetic_ring.eps>
(epstopdf)                    date: 2018-04-22 17:26:00
(epstopdf)                    size: 2766460 bytes
(epstopdf)             Output file: <Figures/magnetic_ring-eps-converted-to.pdf
>
(epstopdf)                    date: 2018-05-15 20:50:12
(epstopdf)                    size: 56794 bytes
(epstopdf)             Command: <repstopdf --outfile=Figures/magnetic_ring-eps-
converted-to.pdf Figures/magnetic_ring.eps>
(epstopdf)             \includegraphics on input line 546.
Package epstopdf Info: Output file is already uptodate.

<Figures/magnetic_ring-eps-converted-to.pdf, id=63, 676.5275pt x 676.5275pt>
File: Figures/magnetic_ring-eps-converted-to.pdf Graphic file (type pdf)

<use Figures/magnetic_ring-eps-converted-to.pdf>
Package pdftex.def Info: Figures/magnetic_ring-eps-converted-to.pdf used on inp
ut line 546.
(pdftex.def)             Requested size: 213.39566pt x 213.39633pt.

<Figures/oldmars.png, id=64, 1606.0pt x 1459.4525pt>
File: Figures/oldmars.png Graphic file (type png)
 <use Figures/oldmars.png>
Package pdftex.def Info: Figures/oldmars.png used on input line 589.
(pdftex.def)             Requested size: 241.84842pt x 219.77693pt.

[8 <./Figures/magnetic_ring-eps-converted-to.pdf> <./Figures/oldmars.png>]

LaTeX Warning: Reference `magnetoheight' on page 9 undefined on input line 623.


<Figures/newmars.png, id=72, 5634.04875pt x 5518.6175pt>
File: Figures/newmars.png Graphic file (type png)

<use Figures/newmars.png>
Package pdftex.def Info: Figures/newmars.png used on input line 645.
(pdftex.def)             Requested size: 241.84842pt x 236.8749pt.
 (./Mars Terraforming.bbl [9 <./Figures/newmars.png>]
Missing character: There is no á in font ptmr7t!
)

** Conference Paper **
Before submitting the final camera ready copy, remember to:

 1. Manually equalize the lengths of two columns on the last page
 of your paper;

 2. Ensure that any PostScript and/or PDF output post-processing
 uses only Type 1 fonts and that every step in the generation
 process uses the appropriate paper size.

[10

] (./Mars Terraforming.aux)

LaTeX Warning: There were undefined references.

 ) 
Here is how much of TeX's memory you used:
 13688 strings out of 492995
 241126 string characters out of 6132704
 388275 words of memory out of 5000000
 17077 multiletter control sequences out of 15000+600000
 36621 words of font info for 75 fonts, out of 8000000 for 9000
 1144 hyphenation exceptions out of 8191
 39i,14n,39p,10391b,301s stack positions out of 5000i,500n,10000p,200000b,80000s
{/usr/local/texlive/2017/texmf-dist/fonts/enc/dvips/base/8r.enc}</usr/local/t
exlive/2017/texmf-dist/fonts/type1/public/amsfonts/cm/cmex10.pfb></usr/local/te
xlive/2017/texmf-dist/fonts/type1/public/amsfonts/cm/cmmi10.pfb></usr/local/tex
live/2017/texmf-dist/fonts/type1/public/amsfonts/cm/cmmi5.pfb></usr/local/texli
ve/2017/texmf-dist/fonts/type1/public/amsfonts/cm/cmmi7.pfb></usr/local/texlive
/2017/texmf-dist/fonts/type1/public/amsfonts/cm/cmr10.pfb></usr/local/texlive/2
017/texmf-dist/fonts/type1/public/amsfonts/cm/cmr5.pfb></usr/local/texlive/2017
/texmf-dist/fonts/type1/public/amsfonts/cm/cmr7.pfb></usr/local/texlive/2017/te
xmf-dist/fonts/type1/public/amsfonts/cm/cmsy10.pfb></usr/local/texlive/2017/tex
mf-dist/fonts/type1/public/amsfonts/cm/cmsy7.pfb></usr/local/texlive/2017/texmf
-dist/fonts/type1/urw/times/utmb8a.pfb></usr/local/texlive/2017/texmf-dist/font
s/type1/urw/times/utmbi8a.pfb></usr/local/texlive/2017/texmf-dist/fonts/type1/u
rw/times/utmr8a.pfb></usr/local/texlive/2017/texmf-dist/fonts/type1/urw/times/u
tmri8a.pfb>
Output written on "Mars Terraforming.pdf" (10 pages, 26136022 bytes).
PDF statistics:
 123 PDF objects out of 1000 (max. 8388607)
 77 compressed objects within 1 object stream
 0 named destinations out of 1000 (max. 500000)
 51 words of extra memory for PDF output out of 10000 (max. 10000000)

